<?xml version="1.0" encoding="UTF-8"?>
<!-- Generated by org.testng.reporters.JUnitReportReporter -->
<testsuite hostname="MacBook-Pro.local" failures="0" tests="6" name="IOSTest" time="178.149" errors="0" timestamp="2020-07-27T17:15:45 TRT" skipped="0">
  <testcase classname="IOSTest" name="shouldShowFinishPageIfAllInputsAreValid" time="42.924"/>
  <system-out/>
  <testcase classname="IOSTest" name="shouldNotAcceptLifestyleInputsLessThan10Characters" time="49.092"/>
  <system-out/>
  <testcase classname="IOSTest" name="shouldNavigateToTheStepWhenClickedOnTheButtonBar" time="14.476"/>
  <system-out/>
  <testcase classname="IOSTest" name="shouldRememberPreviousValuesWhenTheUserReturns" time="12.397"/>
  <system-out/>
  <testcase classname="IOSTest" name="shouldResetTheSurveyIfRetakeButtonIsPressed" time="43.191"/>
  <system-out/>
  <testcase classname="IOSTest" name="shouldShowAnErrorMessageIfTheSelectedAgeIsLessThan13" time="16.069"/>
  <system-out/>
</testsuite> <!-- IOSTest -->
