<?xml version="1.0" encoding="UTF-8"?>
<testsuite xmlns:xsi="http://www.w3.org/2001/XMLSchema-instance" xsi:noNamespaceSchemaLocation="https://maven.apache.org/surefire/maven-surefire-plugin/xsd/surefire-test-report-3.0.xsd" version="3.0" name="TestSuite" time="192.326" tests="6" errors="0" skipped="0" failures="0">
  <properties>
    <property name="gopherProxySet" value="false"/>
    <property name="awt.toolkit" value="sun.lwawt.macosx.LWCToolkit"/>
    <property name="java.specification.version" value="11"/>
    <property name="sun.cpu.isalist" value=""/>
    <property name="sun.jnu.encoding" value="UTF-8"/>
    <property name="java.class.path" value="/Users/berkininan/Desktop/Courses/Summer2020/CS458/Project2/Appium/target/test-classes:/Users/berkininan/Desktop/Courses/Summer2020/CS458/Project2/Appium/target/classes:/Users/berkininan/.m2/repository/org/testng/testng/7.1.0/testng-7.1.0.jar:/Users/berkininan/.m2/repository/com/beust/jcommander/1.72/jcommander-1.72.jar:/Users/berkininan/.m2/repository/com/google/inject/guice/4.1.0/guice-4.1.0-no_aop.jar:/Users/berkininan/.m2/repository/javax/inject/javax.inject/1/javax.inject-1.jar:/Users/berkininan/.m2/repository/aopalliance/aopalliance/1.0/aopalliance-1.0.jar:/Users/berkininan/.m2/repository/org/yaml/snakeyaml/1.21/snakeyaml-1.21.jar:/Users/berkininan/.m2/repository/io/appium/java-client/7.3.0/java-client-7.3.0.jar:/Users/berkininan/.m2/repository/org/seleniumhq/selenium/selenium-support/3.141.59/selenium-support-3.141.59.jar:/Users/berkininan/.m2/repository/org/seleniumhq/selenium/selenium-api/3.141.59/selenium-api-3.141.59.jar:/Users/berkininan/.m2/repository/com/google/code/gson/gson/2.8.5/gson-2.8.5.jar:/Users/berkininan/.m2/repository/org/apache/httpcomponents/httpclient/4.5.9/httpclient-4.5.9.jar:/Users/berkininan/.m2/repository/org/apache/httpcomponents/httpcore/4.4.11/httpcore-4.4.11.jar:/Users/berkininan/.m2/repository/commons-logging/commons-logging/1.2/commons-logging-1.2.jar:/Users/berkininan/.m2/repository/commons-codec/commons-codec/1.11/commons-codec-1.11.jar:/Users/berkininan/.m2/repository/cglib/cglib/3.2.12/cglib-3.2.12.jar:/Users/berkininan/.m2/repository/org/ow2/asm/asm/7.1/asm-7.1.jar:/Users/berkininan/.m2/repository/commons-validator/commons-validator/1.6/commons-validator-1.6.jar:/Users/berkininan/.m2/repository/commons-beanutils/commons-beanutils/1.9.2/commons-beanutils-1.9.2.jar:/Users/berkininan/.m2/repository/commons-digester/commons-digester/1.8.1/commons-digester-1.8.1.jar:/Users/berkininan/.m2/repository/commons-collections/commons-collections/3.2.2/commons-collections-3.2.2.jar:/Users/berkininan/.m2/repository/org/apache/commons/commons-lang3/3.9/commons-lang3-3.9.jar:/Users/berkininan/.m2/repository/commons-io/commons-io/2.6/commons-io-2.6.jar:/Users/berkininan/.m2/repository/org/springframework/spring-context/5.1.8.RELEASE/spring-context-5.1.8.RELEASE.jar:/Users/berkininan/.m2/repository/org/springframework/spring-aop/5.1.8.RELEASE/spring-aop-5.1.8.RELEASE.jar:/Users/berkininan/.m2/repository/org/springframework/spring-beans/5.1.8.RELEASE/spring-beans-5.1.8.RELEASE.jar:/Users/berkininan/.m2/repository/org/springframework/spring-core/5.1.8.RELEASE/spring-core-5.1.8.RELEASE.jar:/Users/berkininan/.m2/repository/org/springframework/spring-jcl/5.1.8.RELEASE/spring-jcl-5.1.8.RELEASE.jar:/Users/berkininan/.m2/repository/org/springframework/spring-expression/5.1.8.RELEASE/spring-expression-5.1.8.RELEASE.jar:/Users/berkininan/.m2/repository/org/aspectj/aspectjweaver/1.9.4/aspectjweaver-1.9.4.jar:/Users/berkininan/.m2/repository/org/slf4j/slf4j-api/1.7.26/slf4j-api-1.7.26.jar:/Users/berkininan/.m2/repository/org/seleniumhq/selenium/selenium-java/3.141.59/selenium-java-3.141.59.jar:/Users/berkininan/.m2/repository/org/seleniumhq/selenium/selenium-chrome-driver/3.141.59/selenium-chrome-driver-3.141.59.jar:/Users/berkininan/.m2/repository/org/seleniumhq/selenium/selenium-edge-driver/3.141.59/selenium-edge-driver-3.141.59.jar:/Users/berkininan/.m2/repository/org/seleniumhq/selenium/selenium-firefox-driver/3.141.59/selenium-firefox-driver-3.141.59.jar:/Users/berkininan/.m2/repository/org/seleniumhq/selenium/selenium-ie-driver/3.141.59/selenium-ie-driver-3.141.59.jar:/Users/berkininan/.m2/repository/org/seleniumhq/selenium/selenium-opera-driver/3.141.59/selenium-opera-driver-3.141.59.jar:/Users/berkininan/.m2/repository/org/seleniumhq/selenium/selenium-remote-driver/3.141.59/selenium-remote-driver-3.141.59.jar:/Users/berkininan/.m2/repository/org/seleniumhq/selenium/selenium-safari-driver/3.141.59/selenium-safari-driver-3.141.59.jar:/Users/berkininan/.m2/repository/net/bytebuddy/byte-buddy/1.8.15/byte-buddy-1.8.15.jar:/Users/berkininan/.m2/repository/org/apache/commons/commons-exec/1.3/commons-exec-1.3.jar:/Users/berkininan/.m2/repository/com/google/guava/guava/25.0-jre/guava-25.0-jre.jar:/Users/berkininan/.m2/repository/com/google/code/findbugs/jsr305/1.3.9/jsr305-1.3.9.jar:/Users/berkininan/.m2/repository/org/checkerframework/checker-compat-qual/2.0.0/checker-compat-qual-2.0.0.jar:/Users/berkininan/.m2/repository/com/google/errorprone/error_prone_annotations/2.1.3/error_prone_annotations-2.1.3.jar:/Users/berkininan/.m2/repository/com/google/j2objc/j2objc-annotations/1.1/j2objc-annotations-1.1.jar:/Users/berkininan/.m2/repository/org/codehaus/mojo/animal-sniffer-annotations/1.14/animal-sniffer-annotations-1.14.jar:/Users/berkininan/.m2/repository/com/squareup/okhttp3/okhttp/3.11.0/okhttp-3.11.0.jar:/Users/berkininan/.m2/repository/com/squareup/okio/okio/1.14.0/okio-1.14.0.jar:/Users/berkininan/.m2/repository/com/github/javafaker/javafaker/1.0.2/javafaker-1.0.2.jar:/Users/berkininan/.m2/repository/org/yaml/snakeyaml/1.23/snakeyaml-1.23-android.jar:/Users/berkininan/.m2/repository/com/github/mifmif/generex/1.0.2/generex-1.0.2.jar:/Users/berkininan/.m2/repository/dk/brics/automaton/automaton/1.11-8/automaton-1.11-8.jar:"/>
    <property name="java.vm.vendor" value="AdoptOpenJDK"/>
    <property name="sun.arch.data.model" value="64"/>
    <property name="java.vendor.url" value="https://adoptopenjdk.net/"/>
    <property name="user.timezone" value="Europe/Istanbul"/>
    <property name="java.vm.specification.version" value="11"/>
    <property name="os.name" value="Mac OS X"/>
    <property name="sun.java.launcher" value="SUN_STANDARD"/>
    <property name="user.country" value="US"/>
    <property name="sun.boot.library.path" value="/Library/Java/JavaVirtualMachines/adoptopenjdk-11.jdk/Contents/Home/lib"/>
    <property name="sun.java.command" value="/Users/berkininan/Desktop/Courses/Summer2020/CS458/Project2/Appium/target/surefire/surefirebooter7227166825476959407.jar /Users/berkininan/Desktop/Courses/Summer2020/CS458/Project2/Appium/target/surefire 2020-07-27T17-12-31_805-jvmRun1 surefire3045668940481527049tmp surefire_013455678641110497284tmp"/>
    <property name="http.nonProxyHosts" value="local|*.local|169.254/16|*.169.254/16"/>
    <property name="jdk.debug" value="release"/>
    <property name="surefire.test.class.path" value="/Users/berkininan/Desktop/Courses/Summer2020/CS458/Project2/Appium/target/test-classes:/Users/berkininan/Desktop/Courses/Summer2020/CS458/Project2/Appium/target/classes:/Users/berkininan/.m2/repository/org/testng/testng/7.1.0/testng-7.1.0.jar:/Users/berkininan/.m2/repository/com/beust/jcommander/1.72/jcommander-1.72.jar:/Users/berkininan/.m2/repository/com/google/inject/guice/4.1.0/guice-4.1.0-no_aop.jar:/Users/berkininan/.m2/repository/javax/inject/javax.inject/1/javax.inject-1.jar:/Users/berkininan/.m2/repository/aopalliance/aopalliance/1.0/aopalliance-1.0.jar:/Users/berkininan/.m2/repository/org/yaml/snakeyaml/1.21/snakeyaml-1.21.jar:/Users/berkininan/.m2/repository/io/appium/java-client/7.3.0/java-client-7.3.0.jar:/Users/berkininan/.m2/repository/org/seleniumhq/selenium/selenium-support/3.141.59/selenium-support-3.141.59.jar:/Users/berkininan/.m2/repository/org/seleniumhq/selenium/selenium-api/3.141.59/selenium-api-3.141.59.jar:/Users/berkininan/.m2/repository/com/google/code/gson/gson/2.8.5/gson-2.8.5.jar:/Users/berkininan/.m2/repository/org/apache/httpcomponents/httpclient/4.5.9/httpclient-4.5.9.jar:/Users/berkininan/.m2/repository/org/apache/httpcomponents/httpcore/4.4.11/httpcore-4.4.11.jar:/Users/berkininan/.m2/repository/commons-logging/commons-logging/1.2/commons-logging-1.2.jar:/Users/berkininan/.m2/repository/commons-codec/commons-codec/1.11/commons-codec-1.11.jar:/Users/berkininan/.m2/repository/cglib/cglib/3.2.12/cglib-3.2.12.jar:/Users/berkininan/.m2/repository/org/ow2/asm/asm/7.1/asm-7.1.jar:/Users/berkininan/.m2/repository/commons-validator/commons-validator/1.6/commons-validator-1.6.jar:/Users/berkininan/.m2/repository/commons-beanutils/commons-beanutils/1.9.2/commons-beanutils-1.9.2.jar:/Users/berkininan/.m2/repository/commons-digester/commons-digester/1.8.1/commons-digester-1.8.1.jar:/Users/berkininan/.m2/repository/commons-collections/commons-collections/3.2.2/commons-collections-3.2.2.jar:/Users/berkininan/.m2/repository/org/apache/commons/commons-lang3/3.9/commons-lang3-3.9.jar:/Users/berkininan/.m2/repository/commons-io/commons-io/2.6/commons-io-2.6.jar:/Users/berkininan/.m2/repository/org/springframework/spring-context/5.1.8.RELEASE/spring-context-5.1.8.RELEASE.jar:/Users/berkininan/.m2/repository/org/springframework/spring-aop/5.1.8.RELEASE/spring-aop-5.1.8.RELEASE.jar:/Users/berkininan/.m2/repository/org/springframework/spring-beans/5.1.8.RELEASE/spring-beans-5.1.8.RELEASE.jar:/Users/berkininan/.m2/repository/org/springframework/spring-core/5.1.8.RELEASE/spring-core-5.1.8.RELEASE.jar:/Users/berkininan/.m2/repository/org/springframework/spring-jcl/5.1.8.RELEASE/spring-jcl-5.1.8.RELEASE.jar:/Users/berkininan/.m2/repository/org/springframework/spring-expression/5.1.8.RELEASE/spring-expression-5.1.8.RELEASE.jar:/Users/berkininan/.m2/repository/org/aspectj/aspectjweaver/1.9.4/aspectjweaver-1.9.4.jar:/Users/berkininan/.m2/repository/org/slf4j/slf4j-api/1.7.26/slf4j-api-1.7.26.jar:/Users/berkininan/.m2/repository/org/seleniumhq/selenium/selenium-java/3.141.59/selenium-java-3.141.59.jar:/Users/berkininan/.m2/repository/org/seleniumhq/selenium/selenium-chrome-driver/3.141.59/selenium-chrome-driver-3.141.59.jar:/Users/berkininan/.m2/repository/org/seleniumhq/selenium/selenium-edge-driver/3.141.59/selenium-edge-driver-3.141.59.jar:/Users/berkininan/.m2/repository/org/seleniumhq/selenium/selenium-firefox-driver/3.141.59/selenium-firefox-driver-3.141.59.jar:/Users/berkininan/.m2/repository/org/seleniumhq/selenium/selenium-ie-driver/3.141.59/selenium-ie-driver-3.141.59.jar:/Users/berkininan/.m2/repository/org/seleniumhq/selenium/selenium-opera-driver/3.141.59/selenium-opera-driver-3.141.59.jar:/Users/berkininan/.m2/repository/org/seleniumhq/selenium/selenium-remote-driver/3.141.59/selenium-remote-driver-3.141.59.jar:/Users/berkininan/.m2/repository/org/seleniumhq/selenium/selenium-safari-driver/3.141.59/selenium-safari-driver-3.141.59.jar:/Users/berkininan/.m2/repository/net/bytebuddy/byte-buddy/1.8.15/byte-buddy-1.8.15.jar:/Users/berkininan/.m2/repository/org/apache/commons/commons-exec/1.3/commons-exec-1.3.jar:/Users/berkininan/.m2/repository/com/google/guava/guava/25.0-jre/guava-25.0-jre.jar:/Users/berkininan/.m2/repository/com/google/code/findbugs/jsr305/1.3.9/jsr305-1.3.9.jar:/Users/berkininan/.m2/repository/org/checkerframework/checker-compat-qual/2.0.0/checker-compat-qual-2.0.0.jar:/Users/berkininan/.m2/repository/com/google/errorprone/error_prone_annotations/2.1.3/error_prone_annotations-2.1.3.jar:/Users/berkininan/.m2/repository/com/google/j2objc/j2objc-annotations/1.1/j2objc-annotations-1.1.jar:/Users/berkininan/.m2/repository/org/codehaus/mojo/animal-sniffer-annotations/1.14/animal-sniffer-annotations-1.14.jar:/Users/berkininan/.m2/repository/com/squareup/okhttp3/okhttp/3.11.0/okhttp-3.11.0.jar:/Users/berkininan/.m2/repository/com/squareup/okio/okio/1.14.0/okio-1.14.0.jar:/Users/berkininan/.m2/repository/com/github/javafaker/javafaker/1.0.2/javafaker-1.0.2.jar:/Users/berkininan/.m2/repository/org/yaml/snakeyaml/1.23/snakeyaml-1.23-android.jar:/Users/berkininan/.m2/repository/com/github/mifmif/generex/1.0.2/generex-1.0.2.jar:/Users/berkininan/.m2/repository/dk/brics/automaton/automaton/1.11-8/automaton-1.11-8.jar:"/>
    <property name="sun.cpu.endian" value="little"/>
    <property name="user.home" value="/Users/berkininan"/>
    <property name="user.language" value="en"/>
    <property name="java.specification.vendor" value="Oracle Corporation"/>
    <property name="java.version.date" value="2020-07-14"/>
    <property name="java.home" value="/Library/Java/JavaVirtualMachines/adoptopenjdk-11.jdk/Contents/Home"/>
    <property name="file.separator" value="/"/>
    <property name="basedir" value="/Users/berkininan/Desktop/Courses/Summer2020/CS458/Project2/Appium"/>
    <property name="java.vm.compressedOopsMode" value="Zero based"/>
    <property name="line.separator" value="&#10;"/>
    <property name="java.specification.name" value="Java Platform API Specification"/>
    <property name="java.vm.specification.vendor" value="Oracle Corporation"/>
    <property name="java.awt.graphicsenv" value="sun.awt.CGraphicsEnvironment"/>
    <property name="surefire.real.class.path" value="/Users/berkininan/Desktop/Courses/Summer2020/CS458/Project2/Appium/target/surefire/surefirebooter7227166825476959407.jar"/>
    <property name="sun.management.compiler" value="HotSpot 64-Bit Tiered Compilers"/>
    <property name="ftp.nonProxyHosts" value="local|*.local|169.254/16|*.169.254/16"/>
    <property name="java.runtime.version" value="11.0.8+10"/>
    <property name="user.name" value="berkininan"/>
    <property name="path.separator" value=":"/>
    <property name="os.version" value="10.15.4"/>
    <property name="java.runtime.name" value="OpenJDK Runtime Environment"/>
    <property name="file.encoding" value="UTF-8"/>
    <property name="java.vm.name" value="OpenJDK 64-Bit Server VM"/>
    <property name="java.vendor.version" value="AdoptOpenJDK"/>
    <property name="localRepository" value="/Users/berkininan/.m2/repository"/>
    <property name="java.vendor.url.bug" value="https://github.com/AdoptOpenJDK/openjdk-support/issues"/>
    <property name="java.io.tmpdir" value="/var/folders/52/tgd2vpcj6t510l7dy6h0cmyr0000gn/T/"/>
    <property name="java.version" value="11.0.8"/>
    <property name="user.dir" value="/Users/berkininan/Desktop/Courses/Summer2020/CS458/Project2/Appium"/>
    <property name="os.arch" value="x86_64"/>
    <property name="java.vm.specification.name" value="Java Virtual Machine Specification"/>
    <property name="java.awt.printerjob" value="sun.lwawt.macosx.CPrinterJob"/>
    <property name="sun.os.patch.level" value="unknown"/>
    <property name="java.library.path" value="/Users/berkininan/Library/Java/Extensions:/Library/Java/Extensions:/Network/Library/Java/Extensions:/System/Library/Java/Extensions:/usr/lib/java:."/>
    <property name="java.vm.info" value="mixed mode"/>
    <property name="java.vendor" value="AdoptOpenJDK"/>
    <property name="java.vm.version" value="11.0.8+10"/>
    <property name="sun.io.unicode.encoding" value="UnicodeBig"/>
    <property name="java.class.version" value="55.0"/>
    <property name="socksNonProxyHosts" value="local|*.local|169.254/16|*.169.254/16"/>
  </properties>
  <testcase name="shouldNavigateToTheStepWhenClickedOnTheButtonBar" classname="IOSTest" time="9.82">
    <system-out><![CDATA[Server started
&amp#27;[35m[HTTP]&amp#27;[39m Could not start REST http interface listener. The requested port may already be in use. Please make sure there is no other instance of this server running already.
Fatal Error: listen EADDRINUSE: address already in use 127.0.0.1:4723
    at Server.setupListenHandle [as _listen2] (net.js:1313:16)
    at listenInCluster (net.js:1361:12)
    at doListen (net.js:1498:7)
    at processTicksAndRejections (internal/process/task_queues.js:85:21)
]]></system-out>
    <system-err><![CDATA[SLF4J: Failed to load class "org.slf4j.impl.StaticLoggerBinder".
SLF4J: Defaulting to no-operation (NOP) logger implementation
SLF4J: See http://www.slf4j.org/codes.html#StaticLoggerBinder for further details.
Jul 27, 2020 5:12:40 PM io.appium.java_client.remote.AppiumCommandExecutor$1 lambda$0
INFO: Detected dialect: W3C
]]></system-err>
  </testcase>
  <testcase name="shouldNotAcceptLifestyleInputsLessThan10Characters" classname="IOSTest" time="44.531"/>
  <testcase name="shouldRememberPreviousValuesWhenTheUserReturns" classname="IOSTest" time="7.774"/>
  <testcase name="shouldResetTheSurveyIfRetakeButtonIsPressed" classname="IOSTest" time="38.639"/>
  <testcase name="shouldShowAnErrorMessageIfTheSelectedAgeIsLessThan13" classname="IOSTest" time="11.277"/>
  <testcase name="shouldShowFinishPageIfAllInputsAreValid" classname="IOSTest" time="38.026"/>
</testsuite>